\BOOKMARK [1][-]{section.0.1}{\376\377\000I\000n\000t\000r\000o\000d\000u\000c\000t\000i\000o\000n}{}% 1
\BOOKMARK [2][-]{subsection.0.1.1}{\376\377\000B\000a\000c\000k\000g\000r\000o\000u\000n\000d}{section.0.1}% 2
\BOOKMARK [2][-]{subsection.0.1.2}{\376\377\000P\000r\000o\000b\000l\000e\000m\000\040\000A\000n\000a\000l\000y\000s\000i\000s}{section.0.1}% 3
\BOOKMARK [3][-]{subsubsection.0.1.2.1}{\376\377\000C\000a\000p\000t\000u\000r\000i\000n\000g\000\040\000t\000h\000e\000\040\000M\000a\000t\000c\000h\000'\000s\000\040\000F\000l\000o\000w}{subsection.0.1.2}% 4
\BOOKMARK [2][-]{subsection.0.1.3}{\376\377\000L\000i\000t\000e\000r\000a\000t\000u\000r\000e\000\040\000R\000e\000v\000i\000e\000w}{section.0.1}% 5
\BOOKMARK [2][-]{subsection.0.1.4}{\376\377\000O\000u\000r\000\040\000W\000o\000r\000k}{section.0.1}% 6
\BOOKMARK [1][-]{section.0.2}{\376\377\000A\000s\000s\000u\000m\000p\000t\000i\000o\000n\000s\000\040\000a\000n\000d\000\040\000E\000x\000p\000l\000a\000n\000a\000t\000i\000o\000n\000s}{}% 7
\BOOKMARK [1][-]{section.0.3}{\376\377\000N\000o\000t\000a\000t\000i\000o\000n\000s}{}% 8
\BOOKMARK [1][-]{section.0.4}{\376\377\000C\000o\000u\000r\000t\000S\000e\000n\000s\000e\000\040\000M\000o\000d\000e\000l\000:\000\040\000J\000u\000d\000g\000i\000n\000g\000\040\000t\000h\000e\000\040\000S\000t\000a\000t\000e\000\040\000o\000f\000\040\000t\000h\000e\000\040\000M\000a\000t\000c\000h}{}% 9
\BOOKMARK [2][-]{subsection.0.4.1}{\376\377\000F\000e\000a\000t\000u\000r\000e\000\040\000E\000n\000g\000i\000n\000e\000e\000r\000i\000n\000g}{section.0.4}% 10
\BOOKMARK [3][-]{subsubsection.0.4.1.1}{\376\377\000D\000a\000t\000a\000\040\000P\000r\000o\000c\000e\000s\000s\000i\000n\000g}{subsection.0.4.1}% 11
\BOOKMARK [3][-]{subsubsection.0.4.1.2}{\376\377\000S\000l\000i\000d\000i\000n\000g\000\040\000W\000i\000n\000d\000o\000w\000\040\000M\000e\000c\000h\000a\000n\000i\000s\000m}{subsection.0.4.1}% 12
\BOOKMARK [2][-]{subsection.0.4.2}{\376\377\000P\000r\000o\000g\000r\000e\000s\000s\000i\000v\000e\000\040\000L\000o\000g\000i\000s\000t\000i\000c\000\040\000M\000o\000d\000e\000l}{section.0.4}% 13
\BOOKMARK [3][-]{subsubsection.0.4.2.1}{\376\377\000M\000o\000d\000e\000l\000\040\000E\000s\000t\000a\000b\000l\000i\000s\000h\000m\000e\000n\000t}{subsection.0.4.2}% 14
\BOOKMARK [3][-]{subsubsection.0.4.2.2}{\376\377\000P\000a\000r\000a\000m\000e\000t\000e\000r\000s\000\040\000T\000r\000a\000i\000n\000i\000n\000g\000\040\000\046\000\040\000U\000p\000d\000a\000t\000i\000n\000g}{subsection.0.4.2}% 15
\BOOKMARK [3][-]{subsubsection.0.4.2.3}{\376\377\000M\000o\000d\000e\000l\000\040\000V\000a\000l\000i\000d\000a\000t\000i\000o\000n}{subsection.0.4.2}% 16
\BOOKMARK [3][-]{subsubsection.0.4.2.4}{\376\377\000M\000a\000t\000c\000h\000\040\000F\000l\000o\000w\000\040\000V\000i\000s\000u\000a\000l\000i\000z\000a\000t\000i\000o\000n}{subsection.0.4.2}% 17
\BOOKMARK [3][-]{subsubsection.0.4.2.5}{\376\377\000D\000a\000t\000a\000\040\000S\000c\000r\000e\000e\000n\000i\000n\000g}{subsection.0.4.2}% 18
\BOOKMARK [1][-]{section.0.5}{\376\377\000R\000e\000f\000e\000r\000e\000n\000c\000e\000s}{}% 19
\BOOKMARK [1][-]{appendix.A}{\376\377\000A\000p\000p\000e\000n\000d\000i\000x\000\040\000I\000:\000\040\000T\000h\000e\000\040\000G\000e\000n\000e\000t\000i\000c\000\040\000A\000l\000g\000o\000r\000i\000t\000h\000m}{}% 20
\BOOKMARK [1][-]{appendix.B}{\376\377\000A\000p\000p\000e\000n\000d\000i\000x\000\040\000I\000I\000:\000\040\000M\000a\000i\000l\000\040\000t\000o\000\040\000t\000h\000e\000\040\000S\000.\000H\000.\000I\000.\000E\000.\000L\000.\000D}{}% 21
\BOOKMARK [1][-]{appendix.C}{\376\377\000L\000e\000t\000t\000e\000r\000\040\000t\000o\000\040\000C\000e\000n\000t\000r\000a\000l\000\040\000I\000n\000t\000e\000l\000l\000i\000g\000e\000n\000c\000e\000\040\000A\000g\000e\000n\000c\000y}{}% 22
